#
# There is insufficient memory for the Java Runtime Environment to continue.
# Native memory allocation (mmap) failed to map 65536 bytes for Failed to commit metaspace.
# Possible reasons:
#   The system is out of physical RAM or swap space
#   The process is running with CompressedOops enabled, and the Java Heap may be blocking the growth of the native heap
# Possible solutions:
#   Reduce memory load on the system
#   Increase physical memory or swap space
#   Check if swap backing store is full
#   Decrease Java heap size (-Xmx/-Xms)
#   Decrease number of Java threads
#   Decrease Java thread stack sizes (-Xss)
#   Set larger code cache with -XX:ReservedCodeCacheSize=
#   JVM is running with Unscaled Compressed Oops mode in which the Java heap is
#     placed in the first 4GB address space. The Java Heap base address is the
#     maximum limit for the native heap growth. Please use -XX:HeapBaseMinAddress
#     to set the Java Heap base and to place the Java Heap above 4GB virtual address.
# This output file may be truncated or incomplete.
#
#  Out of Memory Error (virtualSpaceNode.cpp:110), pid=5928, tid=10216
#
# JRE version: Java(TM) SE Runtime Environment (17.0.7+8) (build 17.0.7+8-LTS-224)
# Java VM: Java HotSpot(TM) 64-Bit Server VM (17.0.7+8-LTS-224, mixed mode, sharing, tiered, compressed oops, compressed class ptrs, g1 gc, windows-amd64)
# No core dump will be written. Minidumps are not enabled by default on client versions of Windows
#

---------------  S U M M A R Y ------------

Command Line: -javaagent:C:\Program Files\JetBrains\IntelliJ IDEA 2023.1.2\lib\idea_rt.jar=57942:C:\Program Files\JetBrains\IntelliJ IDEA 2023.1.2\bin -Dfile.encoding=UTF-8 Main

Host: Intel(R) Core(TM) i5-1035G1 CPU @ 1.00GHz, 8 cores, 7G,  Windows 11 , 64 bit Build 22621 (10.0.22621.1778)
Time: Fri Jun 23 01:05:54 2023 FLE Daylight Time elapsed time: 0.487486 seconds (0d 0h 0m 0s)

---------------  T H R E A D  ---------------

Current thread (0x0000024ad67e4f80):  JavaThread "C1 CompilerThread0" daemon [_thread_in_vm, id=10216, stack(0x000000c327c00000,0x000000c327d00000)]


Current CompileTask:
C1:    487  704       3       jdk.internal.org.objectweb.asm.SymbolTable::addConstantMemberReference (147 bytes)

Stack: [0x000000c327c00000,0x000000c327d00000]
Native frames: (J=compiled Java code, j=interpreted, Vv=VM code, C=native code)
V  [jvm.dll+0x676a4a]
V  [jvm.dll+0x7d74f4]
V  [jvm.dll+0x7d8c9e]
V  [jvm.dll+0x7d9303]
V  [jvm.dll+0x2452c5]
V  [jvm.dll+0x7d35fb]
V  [jvm.dll+0x61ca36]
V  [jvm.dll+0x61ca9a]
V  [jvm.dll+0x61f2bd]
V  [jvm.dll+0x61d3f6]
V  [jvm.dll+0x62e39a]
V  [jvm.dll+0x62733a]
V  [jvm.dll+0x1cbaf0]
V  [jvm.dll+0x1cbce0]
V  [jvm.dll+0x1340be]
V  [jvm.dll+0x1343e8]
V  [jvm.dll+0x133881]
V  [jvm.dll+0x13552d]
V  [jvm.dll+0x226a6e]
V  [jvm.dll+0x224e15]
V  [jvm.dll+0x78d05c]
V  [jvm.dll+0x78759a]
V  [jvm.dll+0x675875]
C  [ucrtbase.dll+0x29363]
C  [KERNEL32.DLL+0x126ad]
C  [ntdll.dll+0x5a9f8]


---------------  P R O C E S S  ---------------

Threads class SMR info:
_java_thread_list=0x0000024ad771cb90, length=15, elements={
0x0000024ab6818620, 0x0000024ad67b8040, 0x0000024ad67b8bf0, 0x0000024ad67cb380,
0x0000024ad67cbf30, 0x0000024ad67cd8f0, 0x0000024ad67ce2a0, 0x0000024ad67d0040,
0x0000024ad67e4f80, 0x0000024ad67e74a0, 0x0000024ad7496590, 0x0000024ad75c6a80,
0x0000024ad75c6f50, 0x0000024ad77103d0, 0x0000024ad772f870
}

Java Threads: ( => current thread )
  0x0000024ab6818620 JavaThread "main" [_thread_in_vm, id=11572, stack(0x000000c326e00000,0x000000c326f00000)]
  0x0000024ad67b8040 JavaThread "Reference Handler" daemon [_thread_blocked, id=12140, stack(0x000000c327500000,0x000000c327600000)]
  0x0000024ad67b8bf0 JavaThread "Finalizer" daemon [_thread_blocked, id=17836, stack(0x000000c327600000,0x000000c327700000)]
  0x0000024ad67cb380 JavaThread "Signal Dispatcher" daemon [_thread_blocked, id=20984, stack(0x000000c327700000,0x000000c327800000)]
  0x0000024ad67cbf30 JavaThread "Attach Listener" daemon [_thread_blocked, id=19148, stack(0x000000c327800000,0x000000c327900000)]
  0x0000024ad67cd8f0 JavaThread "Service Thread" daemon [_thread_blocked, id=8268, stack(0x000000c327900000,0x000000c327a00000)]
  0x0000024ad67ce2a0 JavaThread "Monitor Deflation Thread" daemon [_thread_blocked, id=18540, stack(0x000000c327a00000,0x000000c327b00000)]
  0x0000024ad67d0040 JavaThread "C2 CompilerThread0" daemon [_thread_blocked, id=18676, stack(0x000000c327b00000,0x000000c327c00000)]
=>0x0000024ad67e4f80 JavaThread "C1 CompilerThread0" daemon [_thread_in_vm, id=10216, stack(0x000000c327c00000,0x000000c327d00000)]
  0x0000024ad67e74a0 JavaThread "Sweeper thread" daemon [_thread_blocked, id=22352, stack(0x000000c327d00000,0x000000c327e00000)]
  0x0000024ad7496590 JavaThread "Common-Cleaner" daemon [_thread_blocked, id=172, stack(0x000000c327e00000,0x000000c327f00000)]
  0x0000024ad75c6a80 JavaThread "Monitor Ctrl-Break" daemon [_thread_in_native, id=21784, stack(0x000000c327f00000,0x000000c328000000)]
  0x0000024ad75c6f50 JavaThread "Notification Thread" daemon [_thread_blocked, id=11836, stack(0x000000c328000000,0x000000c328100000)]
  0x0000024ad77103d0 JavaThread "mysql-cj-abandoned-connection-cleanup" daemon [_thread_blocked, id=7776, stack(0x000000c328200000,0x000000c328300000)]
  0x0000024ad772f870 JavaThread "C2 CompilerThread1" daemon [_thread_blocked, id=8632, stack(0x000000c328300000,0x000000c328400000)]

Other Threads:
  0x0000024ad67b45b0 VMThread "VM Thread" [stack: 0x000000c327400000,0x000000c327500000] [id=9388]
  0x0000024ad7597940 WatcherThread [stack: 0x000000c328100000,0x000000c328200000] [id=5408]
  0x0000024ab6872c60 GCTaskThread "GC Thread#0" [stack: 0x000000c326f00000,0x000000c327000000] [id=17308]
  0x0000024ab6883600 ConcurrentGCThread "G1 Main Marker" [stack: 0x000000c327000000,0x000000c327100000] [id=18204]
  0x0000024ab68847b0 ConcurrentGCThread "G1 Conc#0" [stack: 0x000000c327100000,0x000000c327200000] [id=1344]
  0x0000024ad666f210 ConcurrentGCThread "G1 Refine#0" [stack: 0x000000c327200000,0x000000c327300000] [id=19532]
  0x0000024ad66709f0 ConcurrentGCThread "G1 Service" [stack: 0x000000c327300000,0x000000c327400000] [id=15972]

Threads with active compile tasks:
C1 CompilerThread0      537  704       3       jdk.internal.org.objectweb.asm.SymbolTable::addConstantMemberReference (147 bytes)

VM state: not at safepoint (normal execution)

VM Mutex/Monitor currently owned by a thread:  ([mutex/lock_event])
[0x0000024ab68135d0] Metaspace_lock - owner thread: 0x0000024ad67e4f80
[0x0000024ab6814b00] MethodData_lock - owner thread: 0x0000024ad67e4f80

Heap address: 0x0000000083800000, size: 1992 MB, Compressed Oops mode: 32-bit

CDS archive(s) mapped at: [0x0000000800000000-0x0000000800bd0000-0x0000000800bd0000), size 12386304, SharedBaseAddress: 0x0000000800000000, ArchiveRelocationMode: 0.
Compressed class space mapped at: 0x0000000800c00000-0x0000000840c00000, reserved size: 1073741824
Narrow klass base: 0x0000000800000000, Narrow klass shift: 0, Narrow klass range: 0x100000000

GC Precious Log:
 CPUs: 8 total, 8 available
 Memory: 7960M
 Large Page Support: Disabled
 NUMA Support: Disabled
 Compressed Oops: Enabled (32-bit)
 Heap Region Size: 1M
 Heap Min Capacity: 8M
 Heap Initial Capacity: 126M
 Heap Max Capacity: 1992M
 Pre-touch: Disabled
 Parallel Workers: 8
 Concurrent Workers: 2
 Concurrent Refinement Workers: 8
 Periodic GC: Disabled

Heap:
 garbage-first heap   total 129024K, used 10240K [0x0000000083800000, 0x0000000100000000)
  region size 1024K, 11 young (11264K), 0 survivors (0K)
 Metaspace       used 4095K, committed 4288K, reserved 1056768K
  class space    used 408K, committed 512K, reserved 1048576K

Heap Regions: E=young(eden), S=young(survivor), O=old, HS=humongous(starts), HC=humongous(continues), CS=collection set, F=free, OA=open archive, CA=closed archive, TAMS=top-at-mark-start (previous, next)
|   0|0x0000000083800000, 0x0000000083800000, 0x0000000083900000|  0%| F|  |TAMS 0x0000000083800000, 0x0000000083800000| Untracked 
|   1|0x0000000083900000, 0x0000000083900000, 0x0000000083a00000|  0%| F|  |TAMS 0x0000000083900000, 0x0000000083900000| Untracked 
|   2|0x0000000083a00000, 0x0000000083a00000, 0x0000000083b00000|  0%| F|  |TAMS 0x0000000083a00000, 0x0000000083a00000| Untracked 
|   3|0x0000000083b00000, 0x0000000083b00000, 0x0000000083c00000|  0%| F|  |TAMS 0x0000000083b00000, 0x0000000083b00000| Untracked 
|   4|0x0000000083c00000, 0x0000000083c00000, 0x0000000083d00000|  0%| F|  |TAMS 0x0000000083c00000, 0x0000000083c00000| Untracked 
|   5|0x0000000083d00000, 0x0000000083d00000, 0x0000000083e00000|  0%| F|  |TAMS 0x0000000083d00000, 0x0000000083d00000| Untracked 
|   6|0x0000000083e00000, 0x0000000083e00000, 0x0000000083f00000|  0%| F|  |TAMS 0x0000000083e00000, 0x0000000083e00000| Untracked 
|   7|0x0000000083f00000, 0x0000000083f00000, 0x0000000084000000|  0%| F|  |TAMS 0x0000000083f00000, 0x0000000083f00000| Untracked 
|   8|0x0000000084000000, 0x0000000084000000, 0x0000000084100000|  0%| F|  |TAMS 0x0000000084000000, 0x0000000084000000| Untracked 
|   9|0x0000000084100000, 0x0000000084100000, 0x0000000084200000|  0%| F|  |TAMS 0x0000000084100000, 0x0000000084100000| Untracked 
|  10|0x0000000084200000, 0x0000000084200000, 0x0000000084300000|  0%| F|  |TAMS 0x0000000084200000, 0x0000000084200000| Untracked 
|  11|0x0000000084300000, 0x0000000084300000, 0x0000000084400000|  0%| F|  |TAMS 0x0000000084300000, 0x0000000084300000| Untracked 
|  12|0x0000000084400000, 0x0000000084400000, 0x0000000084500000|  0%| F|  |TAMS 0x0000000084400000, 0x0000000084400000| Untracked 
|  13|0x0000000084500000, 0x0000000084500000, 0x0000000084600000|  0%| F|  |TAMS 0x0000000084500000, 0x0000000084500000| Untracked 
|  14|0x0000000084600000, 0x0000000084600000, 0x0000000084700000|  0%| F|  |TAMS 0x0000000084600000, 0x0000000084600000| Untracked 
|  15|0x0000000084700000, 0x0000000084700000, 0x0000000084800000|  0%| F|  |TAMS 0x0000000084700000, 0x0000000084700000| Untracked 
|  16|0x0000000084800000, 0x0000000084800000, 0x0000000084900000|  0%| F|  |TAMS 0x0000000084800000, 0x0000000084800000| Untracked 
|  17|0x0000000084900000, 0x0000000084900000, 0x0000000084a00000|  0%| F|  |TAMS 0x0000000084900000, 0x0000000084900000| Untracked 
|  18|0x0000000084a00000, 0x0000000084a00000, 0x0000000084b00000|  0%| F|  |TAMS 0x0000000084a00000, 0x0000000084a00000| Untracked 
|  19|0x0000000084b00000, 0x0000000084b00000, 0x0000000084c00000|  0%| F|  |TAMS 0x0000000084b00000, 0x0000000084b00000| Untracked 
|  20|0x0000000084c00000, 0x0000000084c00000, 0x0000000084d00000|  0%| F|  |TAMS 0x0000000084c00000, 0x0000000084c00000| Untracked 
|  21|0x0000000084d00000, 0x0000000084d00000, 0x0000000084e00000|  0%| F|  |TAMS 0x0000000084d00000, 0x0000000084d00000| Untracked 
|  22|0x0000000084e00000, 0x0000000084e00000, 0x0000000084f00000|  0%| F|  |TAMS 0x0000000084e00000, 0x0000000084e00000| Untracked 
|  23|0x0000000084f00000, 0x0000000084f00000, 0x0000000085000000|  0%| F|  |TAMS 0x0000000084f00000, 0x0000000084f00000| Untracked 
|  24|0x0000000085000000, 0x0000000085000000, 0x0000000085100000|  0%| F|  |TAMS 0x0000000085000000, 0x0000000085000000| Untracked 
|  25|0x0000000085100000, 0x0000000085100000, 0x0000000085200000|  0%| F|  |TAMS 0x0000000085100000, 0x0000000085100000| Untracked 
|  26|0x0000000085200000, 0x0000000085200000, 0x0000000085300000|  0%| F|  |TAMS 0x0000000085200000, 0x0000000085200000| Untracked 
|  27|0x0000000085300000, 0x0000000085300000, 0x0000000085400000|  0%| F|  |TAMS 0x0000000085300000, 0x0000000085300000| Untracked 
|  28|0x0000000085400000, 0x0000000085400000, 0x0000000085500000|  0%| F|  |TAMS 0x0000000085400000, 0x0000000085400000| Untracked 
|  29|0x0000000085500000, 0x0000000085500000, 0x0000000085600000|  0%| F|  |TAMS 0x0000000085500000, 0x0000000085500000| Untracked 
|  30|0x0000000085600000, 0x0000000085600000, 0x0000000085700000|  0%| F|  |TAMS 0x0000000085600000, 0x0000000085600000| Untracked 
|  31|0x0000000085700000, 0x0000000085700000, 0x0000000085800000|  0%| F|  |TAMS 0x0000000085700000, 0x0000000085700000| Untracked 
|  32|0x0000000085800000, 0x0000000085800000, 0x0000000085900000|  0%| F|  |TAMS 0x0000000085800000, 0x0000000085800000| Untracked 
|  33|0x0000000085900000, 0x0000000085900000, 0x0000000085a00000|  0%| F|  |TAMS 0x0000000085900000, 0x0000000085900000| Untracked 
|  34|0x0000000085a00000, 0x0000000085a00000, 0x0000000085b00000|  0%| F|  |TAMS 0x0000000085a00000, 0x0000000085a00000| Untracked 
|  35|0x0000000085b00000, 0x0000000085b00000, 0x0000000085c00000|  0%| F|  |TAMS 0x0000000085b00000, 0x0000000085b00000| Untracked 
|  36|0x0000000085c00000, 0x0000000085c00000, 0x0000000085d00000|  0%| F|  |TAMS 0x0000000085c00000, 0x0000000085c00000| Untracked 
|  37|0x0000000085d00000, 0x0000000085d00000, 0x0000000085e00000|  0%| F|  |TAMS 0x0000000085d00000, 0x0000000085d00000| Untracked 
|  38|0x0000000085e00000, 0x0000000085e00000, 0x0000000085f00000|  0%| F|  |TAMS 0x0000000085e00000, 0x0000000085e00000| Untracked 
|  39|0x0000000085f00000, 0x0000000085f00000, 0x0000000086000000|  0%| F|  |TAMS 0x0000000085f00000, 0x0000000085f00000| Untracked 
|  40|0x0000000086000000, 0x0000000086000000, 0x0000000086100000|  0%| F|  |TAMS 0x0000000086000000, 0x0000000086000000| Untracked 
|  41|0x0000000086100000, 0x0000000086100000, 0x0000000086200000|  0%| F|  |TAMS 0x0000000086100000, 0x0000000086100000| Untracked 
|  42|0x0000000086200000, 0x0000000086200000, 0x0000000086300000|  0%| F|  |TAMS 0x0000000086200000, 0x0000000086200000| Untracked 
|  43|0x0000000086300000, 0x0000000086300000, 0x0000000086400000|  0%| F|  |TAMS 0x0000000086300000, 0x0000000086300000| Untracked 
|  44|0x0000000086400000, 0x0000000086400000, 0x0000000086500000|  0%| F|  |TAMS 0x0000000086400000, 0x0000000086400000| Untracked 
|  45|0x0000000086500000, 0x0000000086500000, 0x0000000086600000|  0%| F|  |TAMS 0x0000000086500000, 0x0000000086500000| Untracked 
|  46|0x0000000086600000, 0x0000000086600000, 0x0000000086700000|  0%| F|  |TAMS 0x0000000086600000, 0x0000000086600000| Untracked 
|  47|0x0000000086700000, 0x0000000086700000, 0x0000000086800000|  0%| F|  |TAMS 0x0000000086700000, 0x0000000086700000| Untracked 
|  48|0x0000000086800000, 0x0000000086800000, 0x0000000086900000|  0%| F|  |TAMS 0x0000000086800000, 0x0000000086800000| Untracked 
|  49|0x0000000086900000, 0x0000000086900000, 0x0000000086a00000|  0%| F|  |TAMS 0x0000000086900000, 0x0000000086900000| Untracked 
|  50|0x0000000086a00000, 0x0000000086a00000, 0x0000000086b00000|  0%| F|  |TAMS 0x0000000086a00000, 0x0000000086a00000| Untracked 
|  51|0x0000000086b00000, 0x0000000086b00000, 0x0000000086c00000|  0%| F|  |TAMS 0x0000000086b00000, 0x0000000086b00000| Untracked 
|  52|0x0000000086c00000, 0x0000000086c00000, 0x0000000086d00000|  0%| F|  |TAMS 0x0000000086c00000, 0x0000000086c00000| Untracked 
|  53|0x0000000086d00000, 0x0000000086d00000, 0x0000000086e00000|  0%| F|  |TAMS 0x0000000086d00000, 0x0000000086d00000| Untracked 
|  54|0x0000000086e00000, 0x0000000086e00000, 0x0000000086f00000|  0%| F|  |TAMS 0x0000000086e00000, 0x0000000086e00000| Untracked 
|  55|0x0000000086f00000, 0x0000000086f00000, 0x0000000087000000|  0%| F|  |TAMS 0x0000000086f00000, 0x0000000086f00000| Untracked 
|  56|0x0000000087000000, 0x0000000087000000, 0x0000000087100000|  0%| F|  |TAMS 0x0000000087000000, 0x0000000087000000| Untracked 
|  57|0x0000000087100000, 0x0000000087100000, 0x0000000087200000|  0%| F|  |TAMS 0x0000000087100000, 0x0000000087100000| Untracked 
|  58|0x0000000087200000, 0x0000000087200000, 0x0000000087300000|  0%| F|  |TAMS 0x0000000087200000, 0x0000000087200000| Untracked 
|  59|0x0000000087300000, 0x0000000087300000, 0x0000000087400000|  0%| F|  |TAMS 0x0000000087300000, 0x0000000087300000| Untracked 
|  60|0x0000000087400000, 0x0000000087400000, 0x0000000087500000|  0%| F|  |TAMS 0x0000000087400000, 0x0000000087400000| Untracked 
|  61|0x0000000087500000, 0x0000000087500000, 0x0000000087600000|  0%| F|  |TAMS 0x0000000087500000, 0x0000000087500000| Untracked 
|  62|0x0000000087600000, 0x0000000087600000, 0x0000000087700000|  0%| F|  |TAMS 0x0000000087600000, 0x0000000087600000| Untracked 
|  63|0x0000000087700000, 0x0000000087700000, 0x0000000087800000|  0%| F|  |TAMS 0x0000000087700000, 0x0000000087700000| Untracked 
|  64|0x0000000087800000, 0x0000000087800000, 0x0000000087900000|  0%| F|  |TAMS 0x0000000087800000, 0x0000000087800000| Untracked 
|  65|0x0000000087900000, 0x0000000087900000, 0x0000000087a00000|  0%| F|  |TAMS 0x0000000087900000, 0x0000000087900000| Untracked 
|  66|0x0000000087a00000, 0x0000000087a00000, 0x0000000087b00000|  0%| F|  |TAMS 0x0000000087a00000, 0x0000000087a00000| Untracked 
|  67|0x0000000087b00000, 0x0000000087b00000, 0x0000000087c00000|  0%| F|  |TAMS 0x0000000087b00000, 0x0000000087b00000| Untracked 
|  68|0x0000000087c00000, 0x0000000087c00000, 0x0000000087d00000|  0%| F|  |TAMS 0x0000000087c00000, 0x0000000087c00000| Untracked 
|  69|0x0000000087d00000, 0x0000000087d00000, 0x0000000087e00000|  0%| F|  |TAMS 0x0000000087d00000, 0x0000000087d00000| Untracked 
|  70|0x0000000087e00000, 0x0000000087e00000, 0x0000000087f00000|  0%| F|  |TAMS 0x0000000087e00000, 0x0000000087e00000| Untracked 
|  71|0x0000000087f00000, 0x0000000087f00000, 0x0000000088000000|  0%| F|  |TAMS 0x0000000087f00000, 0x0000000087f00000| Untracked 
|  72|0x0000000088000000, 0x0000000088000000, 0x0000000088100000|  0%| F|  |TAMS 0x0000000088000000, 0x0000000088000000| Untracked 
|  73|0x0000000088100000, 0x0000000088100000, 0x0000000088200000|  0%| F|  |TAMS 0x0000000088100000, 0x0000000088100000| Untracked 
|  74|0x0000000088200000, 0x0000000088200000, 0x0000000088300000|  0%| F|  |TAMS 0x0000000088200000, 0x0000000088200000| Untracked 
|  75|0x0000000088300000, 0x0000000088300000, 0x0000000088400000|  0%| F|  |TAMS 0x0000000088300000, 0x0000000088300000| Untracked 
|  76|0x0000000088400000, 0x0000000088400000, 0x0000000088500000|  0%| F|  |TAMS 0x0000000088400000, 0x0000000088400000| Untracked 
|  77|0x0000000088500000, 0x0000000088500000, 0x0000000088600000|  0%| F|  |TAMS 0x0000000088500000, 0x0000000088500000| Untracked 
|  78|0x0000000088600000, 0x0000000088600000, 0x0000000088700000|  0%| F|  |TAMS 0x0000000088600000, 0x0000000088600000| Untracked 
|  79|0x0000000088700000, 0x0000000088700000, 0x0000000088800000|  0%| F|  |TAMS 0x0000000088700000, 0x0000000088700000| Untracked 
|  80|0x0000000088800000, 0x0000000088800000, 0x0000000088900000|  0%| F|  |TAMS 0x0000000088800000, 0x0000000088800000| Untracked 
|  81|0x0000000088900000, 0x0000000088900000, 0x0000000088a00000|  0%| F|  |TAMS 0x0000000088900000, 0x0000000088900000| Untracked 
|  82|0x0000000088a00000, 0x0000000088a00000, 0x0000000088b00000|  0%| F|  |TAMS 0x0000000088a00000, 0x0000000088a00000| Untracked 
|  83|0x0000000088b00000, 0x0000000088b00000, 0x0000000088c00000|  0%| F|  |TAMS 0x0000000088b00000, 0x0000000088b00000| Untracked 
|  84|0x0000000088c00000, 0x0000000088c00000, 0x0000000088d00000|  0%| F|  |TAMS 0x0000000088c00000, 0x0000000088c00000| Untracked 
|  85|0x0000000088d00000, 0x0000000088d00000, 0x0000000088e00000|  0%| F|  |TAMS 0x0000000088d00000, 0x0000000088d00000| Untracked 
|  86|0x0000000088e00000, 0x0000000088e00000, 0x0000000088f00000|  0%| F|  |TAMS 0x0000000088e00000, 0x0000000088e00000| Untracked 
|  87|0x0000000088f00000, 0x0000000088f00000, 0x0000000089000000|  0%| F|  |TAMS 0x0000000088f00000, 0x0000000088f00000| Untracked 
|  88|0x0000000089000000, 0x0000000089000000, 0x0000000089100000|  0%| F|  |TAMS 0x0000000089000000, 0x0000000089000000| Untracked 
|  89|0x0000000089100000, 0x0000000089100000, 0x0000000089200000|  0%| F|  |TAMS 0x0000000089100000, 0x0000000089100000| Untracked 
|  90|0x0000000089200000, 0x0000000089200000, 0x0000000089300000|  0%| F|  |TAMS 0x0000000089200000, 0x0000000089200000| Untracked 
|  91|0x0000000089300000, 0x0000000089300000, 0x0000000089400000|  0%| F|  |TAMS 0x0000000089300000, 0x0000000089300000| Untracked 
|  92|0x0000000089400000, 0x0000000089400000, 0x0000000089500000|  0%| F|  |TAMS 0x0000000089400000, 0x0000000089400000| Untracked 
|  93|0x0000000089500000, 0x0000000089500000, 0x0000000089600000|  0%| F|  |TAMS 0x0000000089500000, 0x0000000089500000| Untracked 
|  94|0x0000000089600000, 0x0000000089600000, 0x0000000089700000|  0%| F|  |TAMS 0x0000000089600000, 0x0000000089600000| Untracked 
|  95|0x0000000089700000, 0x0000000089700000, 0x0000000089800000|  0%| F|  |TAMS 0x0000000089700000, 0x0000000089700000| Untracked 
|  96|0x0000000089800000, 0x0000000089800000, 0x0000000089900000|  0%| F|  |TAMS 0x0000000089800000, 0x0000000089800000| Untracked 
|  97|0x0000000089900000, 0x0000000089900000, 0x0000000089a00000|  0%| F|  |TAMS 0x0000000089900000, 0x0000000089900000| Untracked 
|  98|0x0000000089a00000, 0x0000000089a00000, 0x0000000089b00000|  0%| F|  |TAMS 0x0000000089a00000, 0x0000000089a00000| Untracked 
|  99|0x0000000089b00000, 0x0000000089b00000, 0x0000000089c00000|  0%| F|  |TAMS 0x0000000089b00000, 0x0000000089b00000| Untracked 
| 100|0x0000000089c00000, 0x0000000089c00000, 0x0000000089d00000|  0%| F|  |TAMS 0x0000000089c00000, 0x0000000089c00000| Untracked 
| 101|0x0000000089d00000, 0x0000000089d00000, 0x0000000089e00000|  0%| F|  |TAMS 0x0000000089d00000, 0x0000000089d00000| Untracked 
| 102|0x0000000089e00000, 0x0000000089e00000, 0x0000000089f00000|  0%| F|  |TAMS 0x0000000089e00000, 0x0000000089e00000| Untracked 
| 103|0x0000000089f00000, 0x0000000089f00000, 0x000000008a000000|  0%| F|  |TAMS 0x0000000089f00000, 0x0000000089f00000| Untracked 
| 104|0x000000008a000000, 0x000000008a000000, 0x000000008a100000|  0%| F|  |TAMS 0x000000008a000000, 0x000000008a000000| Untracked 
| 105|0x000000008a100000, 0x000000008a100000, 0x000000008a200000|  0%| F|  |TAMS 0x000000008a100000, 0x000000008a100000| Untracked 
| 106|0x000000008a200000, 0x000000008a200000, 0x000000008a300000|  0%| F|  |TAMS 0x000000008a200000, 0x000000008a200000| Untracked 
| 107|0x000000008a300000, 0x000000008a300000, 0x000000008a400000|  0%| F|  |TAMS 0x000000008a300000, 0x000000008a300000| Untracked 
| 108|0x000000008a400000, 0x000000008a400000, 0x000000008a500000|  0%| F|  |TAMS 0x000000008a400000, 0x000000008a400000| Untracked 
| 109|0x000000008a500000, 0x000000008a500000, 0x000000008a600000|  0%| F|  |TAMS 0x000000008a500000, 0x000000008a500000| Untracked 
| 110|0x000000008a600000, 0x000000008a600000, 0x000000008a700000|  0%| F|  |TAMS 0x000000008a600000, 0x000000008a600000| Untracked 
| 111|0x000000008a700000, 0x000000008a700000, 0x000000008a800000|  0%| F|  |TAMS 0x000000008a700000, 0x000000008a700000| Untracked 
| 112|0x000000008a800000, 0x000000008a800000, 0x000000008a900000|  0%| F|  |TAMS 0x000000008a800000, 0x000000008a800000| Untracked 
| 113|0x000000008a900000, 0x000000008a900000, 0x000000008aa00000|  0%| F|  |TAMS 0x000000008a900000, 0x000000008a900000| Untracked 
| 114|0x000000008aa00000, 0x000000008aa00000, 0x000000008ab00000|  0%| F|  |TAMS 0x000000008aa00000, 0x000000008aa00000| Untracked 
| 115|0x000000008ab00000, 0x000000008abec1e8, 0x000000008ac00000| 92%| E|  |TAMS 0x000000008ab00000, 0x000000008ab00000| Complete 
| 116|0x000000008ac00000, 0x000000008ad00000, 0x000000008ad00000|100%| E|CS|TAMS 0x000000008ac00000, 0x000000008ac00000| Complete 
| 117|0x000000008ad00000, 0x000000008ae00000, 0x000000008ae00000|100%| E|CS|TAMS 0x000000008ad00000, 0x000000008ad00000| Complete 
| 118|0x000000008ae00000, 0x000000008af00000, 0x000000008af00000|100%| E|CS|TAMS 0x000000008ae00000, 0x000000008ae00000| Complete 
| 119|0x000000008af00000, 0x000000008b000000, 0x000000008b000000|100%| E|CS|TAMS 0x000000008af00000, 0x000000008af00000| Complete 
| 120|0x000000008b000000, 0x000000008b100000, 0x000000008b100000|100%| E|CS|TAMS 0x000000008b000000, 0x000000008b000000| Complete 
| 121|0x000000008b100000, 0x000000008b200000, 0x000000008b200000|100%| E|CS|TAMS 0x000000008b100000, 0x000000008b100000| Complete 
| 122|0x000000008b200000, 0x000000008b300000, 0x000000008b300000|100%| E|CS|TAMS 0x000000008b200000, 0x000000008b200000| Complete 
| 123|0x000000008b300000, 0x000000008b400000, 0x000000008b400000|100%| E|CS|TAMS 0x000000008b300000, 0x000000008b300000| Complete 
| 124|0x000000008b400000, 0x000000008b500000, 0x000000008b500000|100%| E|CS|TAMS 0x000000008b400000, 0x000000008b400000| Complete 
| 125|0x000000008b500000, 0x000000008b600000, 0x000000008b600000|100%| E|CS|TAMS 0x000000008b500000, 0x000000008b500000| Complete 

Card table byte_map: [0x0000024acf6d0000,0x0000024acfac0000] _byte_map_base: 0x0000024acf2b4000

Marking Bits (Prev, Next): (CMBitMap*) 0x0000024ab6873270, (CMBitMap*) 0x0000024ab68732b0
 Prev Bits: [0x0000024acfeb0000, 0x0000024ad1dd0000)
 Next Bits: [0x0000024ad1dd0000, 0x0000024ad3cf0000)

Polling page: 0x0000024abf850000

Metaspace:

Usage:
  Non-class:      3.60 MB used.
      Class:    408.62 KB used.
       Both:      4.00 MB used.

Virtual space:
  Non-class space:        8.00 MB reserved,       3.69 MB ( 46%) committed,  1 nodes.
      Class space:        1.00 GB reserved,     512.00 KB ( <1%) committed,  1 nodes.
             Both:        1.01 GB reserved,       4.19 MB ( <1%) committed. 

Chunk freelists:
   Non-Class:  2.06 MB
       Class:  3.48 MB
        Both:  5.54 MB

MaxMetaspaceSize: unlimited
CompressedClassSpaceSize: 1.00 GB
Initial GC threshold: 21.00 MB
Current GC threshold: 21.00 MB
CDS: on
MetaspaceReclaimPolicy: balanced
 - commit_granule_bytes: 65536.
 - commit_granule_words: 8192.
 - virtual_space_node_default_size: 1048576.
 - enlarge_chunks_in_place: 1.
 - new_chunks_are_fully_committed: 0.
 - uncommit_free_chunks: 1.
 - use_allocation_guard: 0.
 - handle_deallocations: 1.


Internal statistics:

num_allocs_failed_limit: 0.
num_arena_births: 40.
num_arena_deaths: 0.
num_vsnodes_births: 2.
num_vsnodes_deaths: 0.
num_space_committed: 67.
num_space_uncommitted: 0.
num_chunks_returned_to_freelist: 0.
num_chunks_taken_from_freelist: 139.
num_chunk_merges: 0.
num_chunk_splits: 95.
num_chunks_enlarged: 71.
num_purges: 0.
num_inconsistent_stats: 0.

CodeHeap 'non-profiled nmethods': size=120000Kb used=259Kb max_used=259Kb free=119740Kb
 bounds [0x0000024ac7340000, 0x0000024ac75b0000, 0x0000024ace870000]
CodeHeap 'profiled nmethods': size=120000Kb used=1091Kb max_used=1091Kb free=118908Kb
 bounds [0x0000024abf870000, 0x0000024abfae0000, 0x0000024ac6da0000]
CodeHeap 'non-nmethods': size=5760Kb used=1182Kb max_used=1211Kb free=4577Kb
 bounds [0x0000024ac6da0000, 0x0000024ac7010000, 0x0000024ac7340000]
 total_blobs=1170 nmethods=705 adapters=378
 compilation: enabled
              stopped_count=0, restarted_count=0
 full_count=0

Compilation events (20 events):
Event: 0.483 Thread 0x0000024ad67e4f80 nmethod 692 0x0000024abf97d790 code [0x0000024abf97d980, 0x0000024abf97dfe8]
Event: 0.483 Thread 0x0000024ad67e4f80  691       3       java.util.regex.ASCII::getType (17 bytes)
Event: 0.484 Thread 0x0000024ad67e4f80 nmethod 691 0x0000024abf97e210 code [0x0000024abf97e3c0, 0x0000024abf97e558]
Event: 0.484 Thread 0x0000024ad67e4f80  693       3       java.util.regex.CharPredicates$$Lambda$47/0x800000055::is (5 bytes)
Event: 0.484 Thread 0x0000024ad67e4f80 nmethod 693 0x0000024abf97e610 code [0x0000024abf97e7e0, 0x0000024abf97ebf8]
Event: 0.484 Thread 0x0000024ad67e4f80  694       3       java.util.regex.CharPredicates::lambda$ASCII_SPACE$20 (20 bytes)
Event: 0.484 Thread 0x0000024ad67e4f80 nmethod 694 0x0000024abf97ed90 code [0x0000024abf97ef40, 0x0000024abf97f2b8]
Event: 0.484 Thread 0x0000024ad67e4f80  695       3       java.util.regex.ASCII::isSpace (8 bytes)
Event: 0.484 Thread 0x0000024ad67e4f80 nmethod 695 0x0000024abf97f410 code [0x0000024abf97f5c0, 0x0000024abf97f858]
Event: 0.484 Thread 0x0000024ad67e4f80  697       3       java.util.regex.Pattern$$Lambda$19/0x800000025::is (9 bytes)
Event: 0.484 Thread 0x0000024ad67e4f80 nmethod 697 0x0000024abf97f990 code [0x0000024abf97fb20, 0x0000024abf97fcf8]
Event: 0.484 Thread 0x0000024ad67e4f80  698       3       java.util.regex.Pattern::lambda$Single$7 (11 bytes)
Event: 0.484 Thread 0x0000024ad67e4f80 nmethod 698 0x0000024abf97fd90 code [0x0000024abf97ff20, 0x0000024abf980078]
Event: 0.484 Thread 0x0000024ad67e4f80  696       3       java.util.regex.Pattern$BmpCharProperty::match (55 bytes)
Event: 0.485 Thread 0x0000024ad67e4f80 nmethod 696 0x0000024abf980110 code [0x0000024abf9802e0, 0x0000024abf980788]
Event: 0.485 Thread 0x0000024ad67e4f80  699       3       java.lang.invoke.LambdaForm::uncustomize (57 bytes)
Event: 0.485 Thread 0x0000024ad67e4f80 nmethod 699 0x0000024abf980910 code [0x0000024abf980ac0, 0x0000024abf980de8]
Event: 0.485 Thread 0x0000024ad67d0040  701       4       java.util.Arrays::copyOfRange (64 bytes)
Event: 0.485 Thread 0x0000024ad772f870  702       4       java.lang.AbstractStringBuilder::append (45 bytes)
Event: 0.486 Thread 0x0000024ad67e4f80  704       3       jdk.internal.org.objectweb.asm.SymbolTable::addConstantMemberReference (147 bytes)

GC Heap History (0 events):
No events

Deoptimization events (20 events):
Event: 0.277 Thread 0x0000024ab6818620 DEOPT PACKING pc=0x0000024abf89aee7 sp=0x000000c326efd850
Event: 0.277 Thread 0x0000024ab6818620 DEOPT UNPACKING pc=0x0000024ac6df66e3 sp=0x000000c326efcc70 mode 0
Event: 0.296 Thread 0x0000024ab6818620 DEOPT PACKING pc=0x0000024abf8d3e65 sp=0x000000c326efc980
Event: 0.296 Thread 0x0000024ab6818620 DEOPT UNPACKING pc=0x0000024ac6df66e3 sp=0x000000c326efbdd0 mode 0
Event: 0.297 Thread 0x0000024ab6818620 DEOPT PACKING pc=0x0000024abf8e55d6 sp=0x000000c326efab80
Event: 0.297 Thread 0x0000024ab6818620 DEOPT UNPACKING pc=0x0000024ac6df66e3 sp=0x000000c326efa020 mode 0
Event: 0.301 Thread 0x0000024ab6818620 DEOPT PACKING pc=0x0000024abf87fb51 sp=0x000000c326efe380
Event: 0.301 Thread 0x0000024ab6818620 DEOPT UNPACKING pc=0x0000024ac6df66e3 sp=0x000000c326efd7f8 mode 0
Event: 0.317 Thread 0x0000024ab6818620 DEOPT PACKING pc=0x0000024abf8dd33e sp=0x000000c326efadd0
Event: 0.317 Thread 0x0000024ab6818620 DEOPT UNPACKING pc=0x0000024ac6df66e3 sp=0x000000c326efa270 mode 0
Event: 0.359 Thread 0x0000024ab6818620 DEOPT PACKING pc=0x0000024abf8ea9b5 sp=0x000000c326efd1a0
Event: 0.359 Thread 0x0000024ab6818620 DEOPT UNPACKING pc=0x0000024ac6df66e3 sp=0x000000c326efc698 mode 0
Event: 0.361 Thread 0x0000024ab6818620 Uncommon trap: trap_request=0xffffff45 fr.pc=0x0000024ac736e8cc relative=0x00000000000002ac
Event: 0.361 Thread 0x0000024ab6818620 Uncommon trap: reason=unstable_if action=reinterpret pc=0x0000024ac736e8cc method=java.lang.String.startsWith(Ljava/lang/String;I)Z @ 14 c2
Event: 0.361 Thread 0x0000024ab6818620 DEOPT PACKING pc=0x0000024ac736e8cc sp=0x000000c326efdf60
Event: 0.361 Thread 0x0000024ab6818620 DEOPT UNPACKING pc=0x0000024ac6df5ba3 sp=0x000000c326efdec0 mode 2
Event: 0.469 Thread 0x0000024ab6818620 Uncommon trap: trap_request=0xffffff45 fr.pc=0x0000024ac73644ac relative=0x000000000000084c
Event: 0.469 Thread 0x0000024ab6818620 Uncommon trap: reason=unstable_if action=reinterpret pc=0x0000024ac73644ac method=java.util.HashMap.putVal(ILjava/lang/Object;Ljava/lang/Object;ZZ)Ljava/lang/Object; @ 181 c2
Event: 0.469 Thread 0x0000024ab6818620 DEOPT PACKING pc=0x0000024ac73644ac sp=0x000000c326efe610
Event: 0.469 Thread 0x0000024ab6818620 DEOPT UNPACKING pc=0x0000024ac6df5ba3 sp=0x000000c326efe5b0 mode 2

Classes unloaded (0 events):
No events

Classes redefined (0 events):
No events

Internal exceptions (7 events):
Event: 0.114 Thread 0x0000024ad75c6a80 Exception <a 'java/lang/NoSuchMethodError'{0x000000008b37acb0}: 'java.lang.Object java.lang.invoke.DirectMethodHandle$Holder.invokeStaticInit(java.lang.Object)'> (0x000000008b37acb0) 
thrown [s\open\src\hotspot\share\interpreter\linkResolver.cpp, line 759]
Event: 0.121 Thread 0x0000024ad75c6a80 Exception <a 'java/lang/NoSuchMethodError'{0x000000008b388970}: 'void java.lang.invoke.DirectMethodHandle$Holder.invokeStatic(java.lang.Object, java.lang.Object)'> (0x000000008b388970) 
thrown [s\open\src\hotspot\share\interpreter\linkResolver.cpp, line 759]
Event: 0.187 Thread 0x0000024ab6818620 Exception <a 'java/lang/NoSuchMethodError'{0x000000008b118ec8}: 'java.lang.Object java.lang.invoke.DirectMethodHandle$Holder.invokeInterface(java.lang.Object, java.lang.Object)'> (0x000000008b118ec8) 
thrown [s\open\src\hotspot\share\interpreter\linkResolver.cpp, line 759]
Event: 0.228 Thread 0x0000024ab6818620 Exception <a 'java/lang/NoSuchMethodError'{0x000000008b19b648}: 'void java.lang.invoke.DirectMethodHandle$Holder.invokeSpecial(java.lang.Object, java.lang.Object, java.lang.Object)'> (0x000000008b19b648) 
thrown [s\open\src\hotspot\share\interpreter\linkResolver.cpp, line 759]
Event: 0.230 Thread 0x0000024ab6818620 Exception <a 'java/lang/NoSuchMethodError'{0x000000008b1a21d8}: 'void java.lang.invoke.DirectMethodHandle$Holder.invokeStatic(java.lang.Object, java.lang.Object, java.lang.Object)'> (0x000000008b1a21d8) 
thrown [s\open\src\hotspot\share\interpreter\linkResolver.cpp, line 759]
Event: 0.233 Thread 0x0000024ab6818620 Exception <a 'java/lang/NoSuchMethodError'{0x000000008b1ac500}: 'java.lang.Object java.lang.invoke.DirectMethodHandle$Holder.invokeVirtual(java.lang.Object, java.lang.Object, java.lang.Object)'> (0x000000008b1ac500) 
thrown [s\open\src\hotspot\share\interpreter\linkResolver.cpp, line 759]
Event: 0.482 Thread 0x0000024ab6818620 Exception <a 'java/lang/NoSuchMethodError'{0x000000008aba1350}: 'void java.lang.invoke.DirectMethodHandle$Holder.invokeStaticInit(java.lang.Object, java.lang.Object)'> (0x000000008aba1350) 
thrown [s\open\src\hotspot\share\interpreter\linkResolver.cpp, line 759]

VM Operations (6 events):
Event: 0.067 Executing VM operation: HandshakeAllThreads
Event: 0.067 Executing VM operation: HandshakeAllThreads done
Event: 0.113 Executing VM operation: HandshakeAllThreads
Event: 0.113 Executing VM operation: HandshakeAllThreads done
Event: 0.152 Executing VM operation: HandshakeAllThreads
Event: 0.152 Executing VM operation: HandshakeAllThreads done

Events (20 events):
Event: 0.478 loading class java/security/spec/KeySpec
Event: 0.478 loading class java/security/spec/KeySpec done
Event: 0.478 loading class java/security/UnrecoverableKeyException
Event: 0.478 loading class java/security/UnrecoverableEntryException
Event: 0.478 loading class java/security/UnrecoverableEntryException done
Event: 0.478 loading class java/security/UnrecoverableKeyException done
Event: 0.478 loading class java/security/KeyStoreException
Event: 0.478 loading class java/security/KeyStoreException done
Event: 0.478 loading class java/security/cert/CertificateException
Event: 0.479 loading class java/security/cert/CertificateException done
Event: 0.479 loading class java/security/KeyManagementException
Event: 0.479 loading class java/security/KeyManagementException done
Event: 0.479 loading class javax/net/ssl/TrustManager
Event: 0.479 loading class javax/net/ssl/TrustManager done
Event: 0.479 loading class javax/crypto/NoSuchPaddingException
Event: 0.479 loading class javax/crypto/NoSuchPaddingException done
Event: 0.479 loading class javax/crypto/IllegalBlockSizeException
Event: 0.480 loading class javax/crypto/IllegalBlockSizeException done
Event: 0.480 loading class javax/crypto/BadPaddingException
Event: 0.480 loading class javax/crypto/BadPaddingException done


Dynamic libraries:
0x00007ff726f00000 - 0x00007ff726f10000 	C:\Program Files\Java\jdk-17\bin\java.exe
0x00007ff942910000 - 0x00007ff942b24000 	C:\WINDOWS\SYSTEM32\ntdll.dll
0x00007ff9413d0000 - 0x00007ff941492000 	C:\WINDOWS\System32\KERNEL32.DLL
0x00007ff9400e0000 - 0x00007ff940483000 	C:\WINDOWS\System32\KERNELBASE.dll
0x00007ff940490000 - 0x00007ff9405a1000 	C:\WINDOWS\System32\ucrtbase.dll
0x00007ff938b70000 - 0x00007ff938b8b000 	C:\Program Files\Java\jdk-17\bin\VCRUNTIME140.dll
0x00007ff938a80000 - 0x00007ff938a99000 	C:\Program Files\Java\jdk-17\bin\jli.dll
0x00007ff9406f0000 - 0x00007ff94079e000 	C:\WINDOWS\System32\ADVAPI32.dll
0x00007ff942480000 - 0x00007ff942527000 	C:\WINDOWS\System32\msvcrt.dll
0x00007ff940ff0000 - 0x00007ff941094000 	C:\WINDOWS\System32\sechost.dll
0x00007ff941710000 - 0x00007ff941827000 	C:\WINDOWS\System32\RPCRT4.dll
0x00007ff9425f0000 - 0x00007ff94279b000 	C:\WINDOWS\System32\USER32.dll
0x00007ff940040000 - 0x00007ff940066000 	C:\WINDOWS\System32\win32u.dll
0x00007ff911630000 - 0x00007ff9118be000 	C:\WINDOWS\WinSxS\amd64_microsoft.windows.common-controls_6595b64144ccf1df_6.0.22621.1635_none_270f70857386168e\COMCTL32.dll
0x00007ff942530000 - 0x00007ff942559000 	C:\WINDOWS\System32\GDI32.dll
0x00007ff93fd10000 - 0x00007ff93fe29000 	C:\WINDOWS\System32\gdi32full.dll
0x00007ff93fe30000 - 0x00007ff93feca000 	C:\WINDOWS\System32\msvcp_win.dll
0x00007ff9386d0000 - 0x00007ff9386da000 	C:\WINDOWS\SYSTEM32\VERSION.dll
0x00007ff941240000 - 0x00007ff941271000 	C:\WINDOWS\System32\IMM32.DLL
0x00007ff93cc90000 - 0x00007ff93cc9c000 	C:\Program Files\Java\jdk-17\bin\vcruntime140_1.dll
0x00007ff9274f0000 - 0x00007ff92757e000 	C:\Program Files\Java\jdk-17\bin\msvcp140.dll
0x00007ff8e78d0000 - 0x00007ff8e84ad000 	C:\Program Files\Java\jdk-17\bin\server\jvm.dll
0x00007ff941a20000 - 0x00007ff941a28000 	C:\WINDOWS\System32\PSAPI.DLL
0x00007ff914bc0000 - 0x00007ff914bc9000 	C:\WINDOWS\SYSTEM32\WSOCK32.dll
0x00007ff934d30000 - 0x00007ff934d64000 	C:\WINDOWS\SYSTEM32\WINMM.dll
0x00007ff942560000 - 0x00007ff9425d1000 	C:\WINDOWS\System32\WS2_32.dll
0x00007ff93ed30000 - 0x00007ff93ed48000 	C:\WINDOWS\SYSTEM32\kernel.appcore.dll
0x00007ff93aa50000 - 0x00007ff93aa5a000 	C:\Program Files\Java\jdk-17\bin\jimage.dll
0x00007ff93d220000 - 0x00007ff93d44e000 	C:\WINDOWS\SYSTEM32\DBGHELP.DLL
0x00007ff942070000 - 0x00007ff9423f9000 	C:\WINDOWS\System32\combase.dll
0x00007ff941150000 - 0x00007ff941227000 	C:\WINDOWS\System32\OLEAUT32.dll
0x00007ff929a00000 - 0x00007ff929a32000 	C:\WINDOWS\SYSTEM32\dbgcore.DLL
0x00007ff9405b0000 - 0x00007ff94062b000 	C:\WINDOWS\System32\bcryptPrimitives.dll
0x00007ff938ab0000 - 0x00007ff938abe000 	C:\Program Files\Java\jdk-17\bin\instrument.dll
0x00007ff927f10000 - 0x00007ff927f35000 	C:\Program Files\Java\jdk-17\bin\java.dll
0x00007ff927410000 - 0x00007ff9274e7000 	C:\Program Files\Java\jdk-17\bin\jsvml.dll
0x00007ff9407a0000 - 0x00007ff940f9a000 	C:\WINDOWS\System32\SHELL32.dll
0x00007ff93dcc0000 - 0x00007ff93e58e000 	C:\WINDOWS\SYSTEM32\windows.storage.dll
0x00007ff93db80000 - 0x00007ff93dcbe000 	C:\WINDOWS\SYSTEM32\wintypes.dll
0x00007ff9418c0000 - 0x00007ff9419b1000 	C:\WINDOWS\System32\SHCORE.dll
0x00007ff9414a0000 - 0x00007ff9414fe000 	C:\WINDOWS\System32\shlwapi.dll
0x00007ff93fc40000 - 0x00007ff93fc61000 	C:\WINDOWS\SYSTEM32\profapi.dll
0x00007ff932980000 - 0x00007ff932998000 	C:\Program Files\Java\jdk-17\bin\zip.dll
0x00007ff933970000 - 0x00007ff933989000 	C:\Program Files\Java\jdk-17\bin\net.dll
0x00007ff939bb0000 - 0x00007ff939ce7000 	C:\WINDOWS\SYSTEM32\WINHTTP.dll
0x00007ff93f240000 - 0x00007ff93f2a9000 	C:\WINDOWS\system32\mswsock.dll
0x00007ff938de0000 - 0x00007ff938df6000 	C:\Program Files\Java\jdk-17\bin\nio.dll
0x00007ff932f60000 - 0x00007ff932f7a000 	C:\Program Files\JetBrains\IntelliJ IDEA 2023.1.2\bin\breakgen64.dll
0x00007ff93e810000 - 0x00007ff93e903000 	C:\WINDOWS\SYSTEM32\DNSAPI.dll
0x00007ff93e7e0000 - 0x00007ff93e80d000 	C:\WINDOWS\SYSTEM32\IPHLPAPI.DLL
0x00007ff941230000 - 0x00007ff941239000 	C:\WINDOWS\System32\NSI.dll
0x00007ff935300000 - 0x00007ff93530a000 	C:\Windows\System32\rasadhlp.dll
0x00007ff934770000 - 0x00007ff9347f4000 	C:\WINDOWS\System32\fwpuclnt.dll

dbghelp: loaded successfully - version: 4.0.5 - missing functions: none
symbol engine: initialized successfully - sym options: 0x614 - pdb path: .;C:\Program Files\Java\jdk-17\bin;C:\WINDOWS\SYSTEM32;C:\WINDOWS\WinSxS\amd64_microsoft.windows.common-controls_6595b64144ccf1df_6.0.22621.1635_none_270f70857386168e;C:\Program Files\Java\jdk-17\bin\server;C:\Program Files\JetBrains\IntelliJ IDEA 2023.1.2\bin

VM Arguments:
jvm_args: -javaagent:C:\Program Files\JetBrains\IntelliJ IDEA 2023.1.2\lib\idea_rt.jar=57942:C:\Program Files\JetBrains\IntelliJ IDEA 2023.1.2\bin -Dfile.encoding=UTF-8 
java_command: Main
java_class_path (initial): C:\Users\35988\Desktop\Nikolay_Petkov\SOFTUNI\SOUFTUNI-COURSES\Spring_Data_June_2023\01.DB_Apps_Introduction\MiniORM\target\classes;C:\Users\35988\.m2\repository\com\mysql\mysql-connector-j\8.0.33\mysql-connector-j-8.0.33.jar;C:\Users\35988\.m2\repository\com\google\protobuf\protobuf-java\3.21.9\protobuf-java-3.21.9.jar
Launcher Type: SUN_STANDARD

[Global flags]
     intx CICompilerCount                          = 4                                         {product} {ergonomic}
     uint ConcGCThreads                            = 2                                         {product} {ergonomic}
     uint G1ConcRefinementThreads                  = 8                                         {product} {ergonomic}
   size_t G1HeapRegionSize                         = 1048576                                   {product} {ergonomic}
    uintx GCDrainStackTargetSize                   = 64                                        {product} {ergonomic}
   size_t InitialHeapSize                          = 132120576                                 {product} {ergonomic}
   size_t MarkStackSize                            = 4194304                                   {product} {ergonomic}
   size_t MaxHeapSize                              = 2088763392                                {product} {ergonomic}
   size_t MaxNewSize                               = 1253048320                                {product} {ergonomic}
   size_t MinHeapDeltaBytes                        = 1048576                                   {product} {ergonomic}
   size_t MinHeapSize                              = 8388608                                   {product} {ergonomic}
    uintx NonNMethodCodeHeapSize                   = 5839372                                {pd product} {ergonomic}
    uintx NonProfiledCodeHeapSize                  = 122909434                              {pd product} {ergonomic}
    uintx ProfiledCodeHeapSize                     = 122909434                              {pd product} {ergonomic}
    uintx ReservedCodeCacheSize                    = 251658240                              {pd product} {ergonomic}
     bool SegmentedCodeCache                       = true                                      {product} {ergonomic}
   size_t SoftMaxHeapSize                          = 2088763392                             {manageable} {ergonomic}
     bool UseCompressedClassPointers               = true                           {product lp64_product} {ergonomic}
     bool UseCompressedOops                        = true                           {product lp64_product} {ergonomic}
     bool UseG1GC                                  = true                                      {product} {ergonomic}
     bool UseLargePagesIndividualAllocation        = false                                  {pd product} {ergonomic}

Logging:
Log output configuration:
 #0: stdout all=warning uptime,level,tags
 #1: stderr all=off uptime,level,tags

Environment Variables:
PATH=C:\Program Files\Common Files\Oracle\Java\javapath;C:\WINDOWS\system32;C:\WINDOWS;C:\WINDOWS\System32\Wbem;C:\WINDOWS\System32\WindowsPowerShell\v1.0\;C:\WINDOWS\System32\OpenSSH\;C:\Program Files\nodejs\;C:\Program Files\Git\cmd;C:\Users\35988\AppData\Local\Microsoft\WindowsApps;C:\Users\35988\AppData\Roaming\npm;C:\Users\35988\AppData\Local\Programs\Microsoft VS Code\bin;C:\Users\35988\AppData\Local\GitHubDesktop\bin
USERNAME=35988
OS=Windows_NT
PROCESSOR_IDENTIFIER=Intel64 Family 6 Model 126 Stepping 5, GenuineIntel



---------------  S Y S T E M  ---------------

OS:
 Windows 11 , 64 bit Build 22621 (10.0.22621.1778)
OS uptime: 2 days 13:50 hours
Hyper-V role detected

CPU: total 8 (initial active 8) (4 cores per cpu, 2 threads per core) family 6 model 126 stepping 5 microcode 0x86, cx8, cmov, fxsr, ht, mmx, 3dnowpref, sse, sse2, sse3, ssse3, sse4.1, sse4.2, popcnt, lzcnt, tsc, tscinvbit, avx, avx2, aes, erms, clmul, bmi1, bmi2, adx, avx512f, avx512dq, avx512cd, avx512bw, avx512vl, sha, fma, vzeroupper, avx512_vpopcntdq, avx512_vpclmulqdq, avx512_vaes, avx512_vnni, clflush, clflushopt, avx512_vbmi2, avx512_vbmi, hv

Memory: 4k page, system-wide physical 7960M (779M free)
TotalPageFile size 10008M (AvailPageFile size 220M)
current process WorkingSet (physical memory assigned to process): 56M, peak: 56M
current process commit charge ("private bytes"): 219M, peak: 219M

vm_info: Java HotSpot(TM) 64-Bit Server VM (17.0.7+8-LTS-224) for windows-amd64 JRE (17.0.7+8-LTS-224), built on Feb 28 2023 23:03:02 by "mach5one" with MS VC++ 17.1 (VS2022)

END.
