#
# There is insufficient memory for the Java Runtime Environment to continue.
# Native memory allocation (mmap) failed to map 132120576 bytes for G1 virtual space
# Possible reasons:
#   The system is out of physical RAM or swap space
#   The process is running with CompressedOops enabled, and the Java Heap may be blocking the growth of the native heap
# Possible solutions:
#   Reduce memory load on the system
#   Increase physical memory or swap space
#   Check if swap backing store is full
#   Decrease Java heap size (-Xmx/-Xms)
#   Decrease number of Java threads
#   Decrease Java thread stack sizes (-Xss)
#   Set larger code cache with -XX:ReservedCodeCacheSize=
#   JVM is running with Unscaled Compressed Oops mode in which the Java heap is
#     placed in the first 4GB address space. The Java Heap base address is the
#     maximum limit for the native heap growth. Please use -XX:HeapBaseMinAddress
#     to set the Java Heap base and to place the Java Heap above 4GB virtual address.
# This output file may be truncated or incomplete.
#
#  Out of Memory Error (os_windows.cpp:3550), pid=15512, tid=6392
#
# JRE version:  (17.0.7+8) (build )
# Java VM: Java HotSpot(TM) 64-Bit Server VM (17.0.7+8-LTS-224, mixed mode, emulated-client, sharing, tiered, compressed oops, compressed class ptrs, g1 gc, windows-amd64)
# No core dump will be written. Minidumps are not enabled by default on client versions of Windows
#

---------------  S U M M A R Y ------------

Command Line: -XX:TieredStopAtLevel=1 -Dspring.output.ansi.enabled=always -Dcom.sun.management.jmxremote -Dspring.jmx.enabled=true -Dspring.liveBeansView.mbeanDomain -Dspring.application.admin.enabled=true -Dmanagement.endpoints.jmx.exposure.include=* -javaagent:C:\Program Files\JetBrains\IntelliJ IDEA 2023.1.2\lib\idea_rt.jar=63927:C:\Program Files\JetBrains\IntelliJ IDEA 2023.1.2\bin -Dfile.encoding=UTF-8 bg.softuni.springrepositories.SpringRepositoriesApplication

Host: Intel(R) Core(TM) i5-1035G1 CPU @ 1.00GHz, 8 cores, 7G,  Windows 11 , 64 bit Build 22621 (10.0.22621.1778)
Time: Thu Jul  6 15:38:09 2023 FLE Daylight Time elapsed time: 0.016657 seconds (0d 0h 0m 0s)

---------------  T H R E A D  ---------------

Current thread (0x00000151dae22e90):  JavaThread "Unknown thread" [_thread_in_vm, id=6392, stack(0x0000001c4df00000,0x0000001c4e000000)]

Stack: [0x0000001c4df00000,0x0000001c4e000000]
Native frames: (J=compiled Java code, j=interpreted, Vv=VM code, C=native code)
V  [jvm.dll+0x676a4a]
V  [jvm.dll+0x7d74f4]
V  [jvm.dll+0x7d8c9e]
V  [jvm.dll+0x7d9303]
V  [jvm.dll+0x2452c5]
V  [jvm.dll+0x6738f9]
V  [jvm.dll+0x668232]
V  [jvm.dll+0x302826]
V  [jvm.dll+0x309da6]
V  [jvm.dll+0x35952e]
V  [jvm.dll+0x35975f]
V  [jvm.dll+0x2d9a38]
V  [jvm.dll+0x2da9a4]
V  [jvm.dll+0x7a8fb1]
V  [jvm.dll+0x3670e1]
V  [jvm.dll+0x788359]
V  [jvm.dll+0x3ea5ef]
V  [jvm.dll+0x3ec071]
C  [jli.dll+0x5297]
C  [ucrtbase.dll+0x29363]
C  [KERNEL32.DLL+0x126ad]
C  [ntdll.dll+0x5a9f8]


---------------  P R O C E S S  ---------------

Threads class SMR info:
_java_thread_list=0x00007ffbf1e34998, length=0, elements={
}

Java Threads: ( => current thread )

Other Threads:
  0x00000151dae7f790 GCTaskThread "GC Thread#0" [stack: 0x0000001c4e000000,0x0000001c4e100000] [id=14216]
  0x00000151dae91140 ConcurrentGCThread "G1 Main Marker" [stack: 0x0000001c4e100000,0x0000001c4e200000] [id=18176]
  0x00000151dae92a00 ConcurrentGCThread "G1 Conc#0" [stack: 0x0000001c4e200000,0x0000001c4e300000] [id=4436]

[error occurred during error reporting (printing all threads), id 0xc0000005, EXCEPTION_ACCESS_VIOLATION (0xc0000005) at pc=0x00007ffbf166a697]

VM state: not at safepoint (not fully initialized)

VM Mutex/Monitor currently owned by a thread:  ([mutex/lock_event])
[0x00000151dae200f0] Heap_lock - owner thread: 0x00000151dae22e90

Heap address: 0x0000000083800000, size: 1992 MB, Compressed Oops mode: 32-bit

CDS archive(s) mapped at: [0x0000000000000000-0x0000000000000000-0x0000000000000000), size 0, SharedBaseAddress: 0x0000000800000000, ArchiveRelocationMode: 0.
Narrow klass base: 0x0000000000000000, Narrow klass shift: 0, Narrow klass range: 0x0

GC Precious Log:
<Empty>

Heap:
 garbage-first heap   total 0K, used 0K [0x0000000083800000, 0x0000000100000000)
  region size 1024K, 0 young (0K), 0 survivors (0K)

[error occurred during error reporting (printing heap information), id 0xc0000005, EXCEPTION_ACCESS_VIOLATION (0xc0000005) at pc=0x00007ffbf1a500b9]

GC Heap History (0 events):
No events

Deoptimization events (0 events):
No events

Classes unloaded (0 events):
No events

Classes redefined (0 events):
No events

Internal exceptions (0 events):
No events

VM Operations (0 events):
No events

Events (1 events):
Event: 0.011 Loaded shared library C:\Program Files\Java\jdk-17\bin\java.dll


Dynamic libraries:
0x00007ff7d4300000 - 0x00007ff7d4310000 	C:\Program Files\Java\jdk-17\bin\java.exe
0x00007ffc541f0000 - 0x00007ffc54404000 	C:\WINDOWS\SYSTEM32\ntdll.dll
0x00007ffc525d0000 - 0x00007ffc52692000 	C:\WINDOWS\System32\KERNEL32.DLL
0x00007ffc516c0000 - 0x00007ffc51a63000 	C:\WINDOWS\System32\KERNELBASE.dll
0x00007ffc51e40000 - 0x00007ffc51f51000 	C:\WINDOWS\System32\ucrtbase.dll
0x00007ffc3cac0000 - 0x00007ffc3cadb000 	C:\Program Files\Java\jdk-17\bin\VCRUNTIME140.dll
0x00007ffc3d280000 - 0x00007ffc3d299000 	C:\Program Files\Java\jdk-17\bin\jli.dll
0x00007ffc526a0000 - 0x00007ffc5274e000 	C:\WINDOWS\System32\ADVAPI32.dll
0x00007ffc53180000 - 0x00007ffc53227000 	C:\WINDOWS\System32\msvcrt.dll
0x00007ffc537c0000 - 0x00007ffc53864000 	C:\WINDOWS\System32\sechost.dll
0x00007ffc533e0000 - 0x00007ffc534f7000 	C:\WINDOWS\System32\RPCRT4.dll
0x00007ffc53510000 - 0x00007ffc536bb000 	C:\WINDOWS\System32\USER32.dll
0x00007ffc51690000 - 0x00007ffc516b6000 	C:\WINDOWS\System32\win32u.dll
0x00007ffc246d0000 - 0x00007ffc2495e000 	C:\WINDOWS\WinSxS\amd64_microsoft.windows.common-controls_6595b64144ccf1df_6.0.22621.1635_none_270f70857386168e\COMCTL32.dll
0x00007ffc52fc0000 - 0x00007ffc52fe9000 	C:\WINDOWS\System32\GDI32.dll
0x00007ffc51af0000 - 0x00007ffc51c09000 	C:\WINDOWS\System32\gdi32full.dll
0x00007ffc515f0000 - 0x00007ffc5168a000 	C:\WINDOWS\System32\msvcp_win.dll
0x00007ffc44a90000 - 0x00007ffc44a9a000 	C:\WINDOWS\SYSTEM32\VERSION.dll
0x00007ffc52770000 - 0x00007ffc527a1000 	C:\WINDOWS\System32\IMM32.DLL
0x00007ffc46500000 - 0x00007ffc4650c000 	C:\Program Files\Java\jdk-17\bin\vcruntime140_1.dll
0x00007ffc3a560000 - 0x00007ffc3a5ee000 	C:\Program Files\Java\jdk-17\bin\msvcp140.dll
0x00007ffbf1380000 - 0x00007ffbf1f5d000 	C:\Program Files\Java\jdk-17\bin\server\jvm.dll
0x00007ffc53500000 - 0x00007ffc53508000 	C:\WINDOWS\System32\PSAPI.DLL
0x00007ffc25fb0000 - 0x00007ffc25fb9000 	C:\WINDOWS\SYSTEM32\WSOCK32.dll
0x00007ffc45230000 - 0x00007ffc45264000 	C:\WINDOWS\SYSTEM32\WINMM.dll
0x00007ffc53050000 - 0x00007ffc530c1000 	C:\WINDOWS\System32\WS2_32.dll
0x00007ffc50610000 - 0x00007ffc50628000 	C:\WINDOWS\SYSTEM32\kernel.appcore.dll
0x00007ffc464f0000 - 0x00007ffc464fa000 	C:\Program Files\Java\jdk-17\bin\jimage.dll
0x00007ffc4ef60000 - 0x00007ffc4f18e000 	C:\WINDOWS\SYSTEM32\DBGHELP.DLL
0x00007ffc53cf0000 - 0x00007ffc54079000 	C:\WINDOWS\System32\combase.dll
0x00007ffc52330000 - 0x00007ffc52407000 	C:\WINDOWS\System32\OLEAUT32.dll
0x00007ffc3b940000 - 0x00007ffc3b972000 	C:\WINDOWS\SYSTEM32\dbgcore.DLL
0x00007ffc51a70000 - 0x00007ffc51aeb000 	C:\WINDOWS\System32\bcryptPrimitives.dll
0x00007ffc4de80000 - 0x00007ffc4de8e000 	C:\Program Files\Java\jdk-17\bin\instrument.dll
0x00007ffc3c090000 - 0x00007ffc3c0b5000 	C:\Program Files\Java\jdk-17\bin\java.dll

dbghelp: loaded successfully - version: 4.0.5 - missing functions: none
symbol engine: initialized successfully - sym options: 0x614 - pdb path: .;C:\Program Files\Java\jdk-17\bin;C:\WINDOWS\SYSTEM32;C:\WINDOWS\WinSxS\amd64_microsoft.windows.common-controls_6595b64144ccf1df_6.0.22621.1635_none_270f70857386168e;C:\Program Files\Java\jdk-17\bin\server

VM Arguments:
jvm_args: -XX:TieredStopAtLevel=1 -Dspring.output.ansi.enabled=always -Dcom.sun.management.jmxremote -Dspring.jmx.enabled=true -Dspring.liveBeansView.mbeanDomain -Dspring.application.admin.enabled=true -Dmanagement.endpoints.jmx.exposure.include=* -javaagent:C:\Program Files\JetBrains\IntelliJ IDEA 2023.1.2\lib\idea_rt.jar=63927:C:\Program Files\JetBrains\IntelliJ IDEA 2023.1.2\bin -Dfile.encoding=UTF-8 
java_command: bg.softuni.springrepositories.SpringRepositoriesApplication
java_class_path (initial): C:\Users\35988\Desktop\Nikolay_Petkov\SOFTUNI\SOUFTUNI-COURSES\Spring_Data_June_2023\06.Spring-Advance-Quering\Lab\SpringRepositories\target\classes;C:\Users\35988\.m2\repository\org\springframework\boot\spring-boot-starter-data-jpa\3.1.1\spring-boot-starter-data-jpa-3.1.1.jar;C:\Users\35988\.m2\repository\org\springframework\boot\spring-boot-starter-aop\3.1.1\spring-boot-starter-aop-3.1.1.jar;C:\Users\35988\.m2\repository\org\springframework\spring-aop\6.0.10\spring-aop-6.0.10.jar;C:\Users\35988\.m2\repository\org\aspectj\aspectjweaver\1.9.19\aspectjweaver-1.9.19.jar;C:\Users\35988\.m2\repository\org\springframework\boot\spring-boot-starter-jdbc\3.1.1\spring-boot-starter-jdbc-3.1.1.jar;C:\Users\35988\.m2\repository\com\zaxxer\HikariCP\5.0.1\HikariCP-5.0.1.jar;C:\Users\35988\.m2\repository\org\springframework\spring-jdbc\6.0.10\spring-jdbc-6.0.10.jar;C:\Users\35988\.m2\repository\org\hibernate\orm\hibernate-core\6.2.5.Final\hibernate-core-6.2.5.Final.jar;C:\Users\35988\.m2\repository\jakarta\persistence\jakarta.persistence-api\3.1.0\jakarta.persistence-api-3.1.0.jar;C:\Users\35988\.m2\repository\jakarta\transaction\jakarta.transaction-api\2.0.1\jakarta.transaction-api-2.0.1.jar;C:\Users\35988\.m2\repository\org\jboss\logging\jboss-logging\3.5.1.Final\jboss-logging-3.5.1.Final.jar;C:\Users\35988\.m2\repository\org\hibernate\common\hibernate-commons-annotations\6.0.6.Final\hibernate-commons-annotations-6.0.6.Final.jar;C:\Users\35988\.m2\repository\io\smallrye\jandex\3.0.5\jandex-3.0.5.jar;C:\Users\35988\.m2\repository\com\fasterxml\classmate\1.5.1\classmate-1.5.1.jar;C:\Users\35988\.m2\repository\net\bytebuddy\byte-buddy\1.14.5\byte-buddy-1.14.5.jar;C:\Users\35988\.m2\repository\org\glassfish\jaxb\jaxb-runtime\4.0.3\jaxb-runtime-4.0.3.jar;C:\Users\35988\.m2\repository\org\glassfish\jaxb\jaxb-core\4.0.3\jaxb-core-4.0.3.jar;C:\Users\35988\.m2\repository\org\eclipse\angus\angus-activation\2.0.1\angus-activation-2.0.1.jar;C:\Users\35988\.m2\re
Launcher Type: SUN_STANDARD

[Global flags]
     intx CICompilerCount                          = 4                                         {product} {ergonomic}
     uint ConcGCThreads                            = 2                                         {product} {ergonomic}
     uint G1ConcRefinementThreads                  = 8                                         {product} {ergonomic}
   size_t G1HeapRegionSize                         = 1048576                                   {product} {ergonomic}
    uintx GCDrainStackTargetSize                   = 64                                        {product} {ergonomic}
   size_t InitialHeapSize                          = 132120576                                 {product} {ergonomic}
     bool ManagementServer                         = true                                      {product} {command line}
   size_t MarkStackSize                            = 4194304                                   {product} {ergonomic}
   size_t MaxHeapSize                              = 2088763392                                {product} {ergonomic}
   size_t MinHeapDeltaBytes                        = 1048576                                   {product} {ergonomic}
   size_t MinHeapSize                              = 8388608                                   {product} {ergonomic}
    uintx NonProfiledCodeHeapSize                  = 0                                      {pd product} {ergonomic}
     bool ProfileInterpreter                       = false                                  {pd product} {command line}
    uintx ProfiledCodeHeapSize                     = 0                                      {pd product} {ergonomic}
   size_t SoftMaxHeapSize                          = 2088763392                             {manageable} {ergonomic}
     intx TieredStopAtLevel                        = 1                                         {product} {command line}
     bool UseCompressedClassPointers               = true                           {product lp64_product} {ergonomic}
     bool UseCompressedOops                        = true                           {product lp64_product} {ergonomic}
     bool UseG1GC                                  = true                                      {product} {ergonomic}
     bool UseLargePagesIndividualAllocation        = false                                  {pd product} {ergonomic}

Logging:
Log output configuration:
 #0: stdout all=warning uptime,level,tags
 #1: stderr all=off uptime,level,tags

Environment Variables:
PATH=C:\Program Files\Common Files\Oracle\Java\javapath;C:\WINDOWS\system32;C:\WINDOWS;C:\WINDOWS\System32\Wbem;C:\WINDOWS\System32\WindowsPowerShell\v1.0\;C:\WINDOWS\System32\OpenSSH\;C:\Program Files\nodejs\;C:\Program Files\Git\cmd;C:\Users\35988\AppData\Local\Microsoft\WindowsApps;C:\Users\35988\AppData\Roaming\npm;C:\Users\35988\AppData\Local\Programs\Microsoft VS Code\bin;C:\Users\35988\AppData\Local\GitHubDesktop\bin
USERNAME=35988
OS=Windows_NT
PROCESSOR_IDENTIFIER=Intel64 Family 6 Model 126 Stepping 5, GenuineIntel



---------------  S Y S T E M  ---------------

OS:
 Windows 11 , 64 bit Build 22621 (10.0.22621.1778)
OS uptime: 6 days 0:22 hours
Hyper-V role detected

CPU: total 8 (initial active 8) (4 cores per cpu, 2 threads per core) family 6 model 126 stepping 5 microcode 0x86, cx8, cmov, fxsr, ht, mmx, 3dnowpref, sse, sse2, sse3, ssse3, sse4.1, sse4.2, popcnt, lzcnt, tsc, tscinvbit, avx, avx2, aes, erms, clmul, bmi1, bmi2, adx, avx512f, avx512dq, avx512cd, avx512bw, avx512vl, sha, fma, vzeroupper, avx512_vpopcntdq, avx512_vpclmulqdq, avx512_vaes, avx512_vnni, clflush, clflushopt, avx512_vbmi2, avx512_vbmi, hv

Memory: 4k page, system-wide physical 7960M (851M free)
TotalPageFile size 10008M (AvailPageFile size 73M)
current process WorkingSet (physical memory assigned to process): 11M, peak: 11M
current process commit charge ("private bytes"): 55M, peak: 181M

vm_info: Java HotSpot(TM) 64-Bit Server VM (17.0.7+8-LTS-224) for windows-amd64 JRE (17.0.7+8-LTS-224), built on Feb 28 2023 23:03:02 by "mach5one" with MS VC++ 17.1 (VS2022)

END.
